<?xml version="1.0" encoding="UTF-8"?>
<!-- Generated by org.testng.reporters.JUnitReportReporter -->
<testsuite hostname="ASISH" failures="0" tests="2" name="restassuredScripts.Script002GetMethod" time="2.609" errors="0" timestamp="2023-11-08T10:30:44 IST" skipped="1">
  <testcase classname="restassuredScripts.Script002GetMethod" name="getMethodBDDStyle" time="2.609"/>
  <system-out/>
  <testcase classname="restassuredScripts.Script002GetMethod" name="httpGetMethod">
    <skipped/>
  </testcase> <!-- httpGetMethod -->
  <system-out/>
</testsuite> <!-- restassuredScripts.Script002GetMethod -->
