<?xml version="1.0" encoding="UTF-8"?>
<!-- Generated by org.testng.reporters.JUnitReportReporter -->
<testsuite hostname="ASISH" failures="0" tests="1" name="restassuredScripts.Script0010SSLAuthentication" time="4.712" errors="0" timestamp="2023-11-09T12:09:24 IST" skipped="0">
  <testcase classname="restassuredScripts.Script0010SSLAuthentication" name="SSL_authentication" time="4.712"/>
  <system-out/>
</testsuite> <!-- restassuredScripts.Script0010SSLAuthentication -->
