<?xml version="1.0" encoding="UTF-8"?>
<!-- Generated by org.testng.reporters.JUnitReportReporter -->
<testsuite hostname="ASISH" failures="0" tests="1" name="restassuredScripts.Script005PayloadXML" time="4.710" errors="0" timestamp="2023-11-08T12:23:13 IST" skipped="0">
  <testcase classname="restassuredScripts.Script005PayloadXML" name="payLoadXML" time="4.710"/>
  <system-out/>
</testsuite> <!-- restassuredScripts.Script005PayloadXML -->
