<?xml version="1.0" encoding="UTF-8"?>
<!-- Generated by org.testng.reporters.JUnitReportReporter -->
<testsuite hostname="ASISH" failures="0" tests="2" name="restassuredScripts.Script009PayPalOauth2" time="5.155" errors="0" timestamp="2023-11-09T17:28:57 IST" skipped="0">
  <testcase classname="restassuredScripts.Script009PayPalOauth2" name="GetAccessToekn" time="4.015"/>
  <system-out/>
  <testcase classname="restassuredScripts.Script009PayPalOauth2" name="paypalTestAPI" time="1.140"/>
  <system-out/>
</testsuite> <!-- restassuredScripts.Script009PayPalOauth2 -->
