<?xml version="1.0" encoding="UTF-8"?>
<!-- Generated by org.testng.reporters.JUnitReportReporter -->
<testsuite hostname="ASISH" failures="0" tests="1" name="restassuredScripts.Script003PostMethod" time="3.684" errors="0" timestamp="2023-11-08T10:58:54 IST" skipped="0">
  <testcase classname="restassuredScripts.Script003PostMethod" name="httpPostMethod" time="3.684"/>
  <system-out/>
</testsuite> <!-- restassuredScripts.Script003PostMethod -->
