<?xml version="1.0" encoding="UTF-8"?>
<!-- Generated by org.testng.reporters.JUnitReportReporter -->
<testsuite hostname="ASISH" failures="0" tests="1" name="restassuredScripts.Log4jDemo" time="0.020" errors="0" timestamp="2023-11-10T11:03:50 IST" skipped="0">
  <testcase classname="restassuredScripts.Log4jDemo" name="method1" time="0.020"/>
  <system-out/>
</testsuite> <!-- restassuredScripts.Log4jDemo -->
