<?xml version="1.0" encoding="UTF-8"?>
<!-- Generated by org.testng.reporters.JUnitReportReporter -->
<testsuite hostname="ASISH" failures="0" tests="2" name="restassuredScripts.Script008GITHUBBearerToken" time="4.240" errors="0" timestamp="2023-11-09T10:45:45 IST" skipped="0">
  <testcase classname="restassuredScripts.Script008GITHUBBearerToken" name="Authorization_bearertoken_specificrepo" time="0.683"/>
  <system-out/>
  <testcase classname="restassuredScripts.Script008GITHUBBearerToken" name="Authorization_bearertoken" time="3.557"/>
  <system-out/>
</testsuite> <!-- restassuredScripts.Script008GITHUBBearerToken -->
