<?xml version="1.0" encoding="UTF-8"?>
<!-- Generated by org.testng.reporters.JUnitReportReporter -->
<testsuite hostname="ASISH" failures="0" tests="1" name="restassuredScripts.Script001SteupCheck" time="2.859" errors="0" timestamp="2023-11-10T09:19:40 IST" skipped="0">
  <testcase classname="restassuredScripts.Script001SteupCheck" name="setupCheck" time="2.859"/>
  <system-out/>
</testsuite> <!-- restassuredScripts.Script001SteupCheck -->
