<?xml version="1.0" encoding="UTF-8"?>
<!-- Generated by org.testng.reporters.JUnitReportReporter -->
<testsuite hostname="ASISH" failures="0" tests="2" name="restassuredScripts.Script007HamcrestValidateMethods" time="5.002" errors="0" timestamp="2023-11-09T10:12:21 IST" skipped="1">
  <testcase classname="restassuredScripts.Script007HamcrestValidateMethods" name="validate_Response_Body_hasitems" time="5.002"/>
  <system-out/>
  <testcase classname="restassuredScripts.Script007HamcrestValidateMethods" name="validate_Response_Body">
    <skipped/>
  </testcase> <!-- validate_Response_Body -->
  <system-out/>
</testsuite> <!-- restassuredScripts.Script007HamcrestValidateMethods -->
