<?xml version="1.0" encoding="UTF-8"?>
<!-- Generated by org.testng.reporters.JUnitReportReporter -->
<testsuite hostname="ASISH" failures="0" tests="1" name="restassuredScripts.Script011LoggingRestAssured" time="3.939" errors="0" timestamp="2023-11-10T09:28:34 IST" skipped="0">
  <testcase classname="restassuredScripts.Script011LoggingRestAssured" name="loggingmethods" time="3.939"/>
  <system-out/>
</testsuite> <!-- restassuredScripts.Script011LoggingRestAssured -->
