<?xml version="1.0" encoding="UTF-8"?>
<!-- Generated by org.testng.reporters.JUnitReportReporter -->
<testsuite hostname="ASISH" failures="0" tests="1" name="com.redbus.testpages.HomePageTest" time="23.328" errors="0" timestamp="2023-10-11T21:01:44 IST" skipped="0">
  <testcase classname="com.redbus.testpages.HomePageTest" name="Home_Page_Test" time="23.328"/>
  <system-out/>
</testsuite> <!-- com.redbus.testpages.HomePageTest -->
