<?xml version="1.0" encoding="UTF-8"?>
<!-- Generated by org.testng.reporters.JUnitReportReporter -->
<testsuite hostname="ASISH" failures="0" tests="1" name="com.redbus.testpages.TestDemo" time="10.206" errors="0" timestamp="2023-10-11T15:48:34 IST" skipped="0">
  <testcase classname="com.redbus.testpages.TestDemo" name="Book_Bus_Ticket" time="10.206"/>
  <system-out/>
</testsuite> <!-- com.redbus.testpages.TestDemo -->
