<?xml version="1.0" encoding="UTF-8"?>
<!-- Generated by org.testng.reporters.JUnitReportReporter -->
<testsuite hostname="ASISH" failures="0" tests="1" name="com.redbus.base.BaseTest" time="0.014" errors="0" timestamp="2023-10-11T08:23:41 IST" skipped="0">
  <testcase classname="com.redbus.base.BaseTest" name="check" time="0.014"/>
  <system-out/>
</testsuite> <!-- com.redbus.base.BaseTest -->
