<?xml version="1.0" encoding="UTF-8"?>
<!-- Generated by org.testng.reporters.JUnitReportReporter -->
<testsuite hostname="ASISH" failures="0" tests="1" name="com.redbus.testpages.HomePageTest" time="29.631" errors="0" timestamp="2023-10-11T20:02:55 IST" skipped="0">
  <testcase classname="com.redbus.testpages.HomePageTest" name="Home_Page_Test" time="29.631"/>
  <system-out/>
</testsuite> <!-- com.redbus.testpages.HomePageTest -->
