<?xml version="1.0" encoding="UTF-8"?>
<!-- Generated by org.testng.reporters.JUnitReportReporter -->
<testsuite hostname="ASISH" failures="0" tests="3" name="com.simplilearn.tdd.TestApplication" time="0.018" errors="0" timestamp="2023-10-12T16:01:01 IST" skipped="0">
  <testcase classname="com.simplilearn.tdd.TestApplication" name="findapplicationEmptyInput" time="0.000"/>
  <system-out/>
  <testcase classname="com.simplilearn.tdd.TestApplication" name="findapplication" time="0.017"/>
  <system-out/>
  <testcase classname="com.simplilearn.tdd.TestApplication" name="findapplicationInvalidInput" time="0.001"/>
  <system-out/>
</testsuite> <!-- com.simplilearn.tdd.TestApplication -->
