<?xml version="1.0" encoding="UTF-8"?>
<!-- Generated by org.testng.reporters.JUnitReportReporter -->
<testsuite hostname="ASISH" failures="0" tests="3" name="com.simplilearn.testpages.HomePageTest" time="3.717" errors="0" timestamp="2023-10-12T18:06:12 IST" skipped="0">
  <testcase classname="com.simplilearn.testpages.HomePageTest" name="titleTest" time="0.025"/>
  <system-out/>
  <testcase classname="com.simplilearn.testpages.HomePageTest" name="isAllCoursesTest" time="2.100"/>
  <system-out/>
  <testcase classname="com.simplilearn.testpages.HomePageTest" name="getAllCourses" time="1.592"/>
  <system-out/>
</testsuite> <!-- com.simplilearn.testpages.HomePageTest -->
