<?xml version="1.0" encoding="UTF-8"?>
<!-- Generated by org.testng.reporters.JUnitReportReporter -->
<testsuite hostname="ASISH" failures="0" tests="1" name="testng.TestNg" time="0.015" errors="0" timestamp="2023-10-04T15:32:44 IST" skipped="0">
  <testcase classname="testng.TestNg" name="method" time="0.015"/>
  <system-out/>
</testsuite> <!-- testng.TestNg -->
