<?xml version="1.0" encoding="UTF-8"?>
<!-- Generated by org.testng.reporters.JUnitReportReporter -->
<testsuite hostname="ASISH" failures="0" tests="8" name="com.testng.groups.Sample2" time="0.018" errors="0" timestamp="2023-10-05T21:26:27 IST" skipped="0">
  <testcase classname="com.testng.groups.Sample2" name="opentheAccountPage" time="0.002"/>
  <testcase classname="com.testng.groups.Sample2" name="opentheAccountPage" time="0.001"/>
  <testcase classname="com.testng.groups.Sample2" name="login" time="0.002"/>
  <testcase classname="com.testng.groups.Sample2" name="Accounts" time="0.004"/>
  <testcase classname="com.testng.groups.Sample2" name="createAccount" time="0.001"/>
  <testcase classname="com.testng.groups.Sample2" name="createAccount" time="0.005"/>
  <testcase classname="com.testng.groups.Sample2" name="Logout" time="0.002"/>
  <testcase classname="com.testng.groups.Sample2" name="Logout" time="0.001"/>
</testsuite> <!-- com.testng.groups.Sample2 -->
