<?xml version="1.0" encoding="UTF-8"?>
<!-- Generated by org.testng.reporters.JUnitReportReporter -->
<testsuite hostname="ASISH" failures="0" tests="3" name="com.testng.BeforeAfterMethodAnnotationDemo" time="34.874" errors="0" timestamp="2023-10-05T17:33:22 IST" skipped="0">
  <testcase classname="com.testng.BeforeAfterMethodAnnotationDemo" name="getTitle" time="3.736"/>
  <system-out/>
  <testcase classname="com.testng.BeforeAfterMethodAnnotationDemo" name="login" time="13.884"/>
  <system-out/>
  <testcase classname="com.testng.BeforeAfterMethodAnnotationDemo" name="logout" time="17.254"/>
  <system-out/>
</testsuite> <!-- com.testng.BeforeAfterMethodAnnotationDemo -->
