<?xml version="1.0" encoding="UTF-8"?>
<!-- Generated by org.testng.reporters.JUnitReportReporter -->
<testsuite hostname="ASISH" failures="0" tests="1" name="com.testng.seleniumgrid.StandaloneGridDemo" time="9.031" errors="0" timestamp="2023-10-09T11:41:48 IST" skipped="0">
  <testcase classname="com.testng.seleniumgrid.StandaloneGridDemo" name="GridDemo1" time="9.031"/>
</testsuite> <!-- com.testng.seleniumgrid.StandaloneGridDemo -->
