<?xml version="1.0" encoding="UTF-8"?>
<!-- Generated by org.testng.reporters.JUnitReportReporter -->
<testsuite hostname="ASISH" failures="0" tests="1" name="com.testng.extentreport.SetupCheck" time="1.685" errors="0" timestamp="2023-10-07T19:33:36 IST" skipped="0">
  <testcase classname="com.testng.extentreport.SetupCheck" name="extentDemo2" time="1.685"/>
</testsuite> <!-- com.testng.extentreport.SetupCheck -->
