<?xml version="1.0" encoding="UTF-8"?>
<!-- Generated by org.testng.reporters.JUnitReportReporter -->
<testsuite hostname="ASISH" failures="0" tests="2" name="com.testng.datadriventesting.ParameterDemo" time="2.504" errors="0" timestamp="2023-10-07T20:14:08 IST" skipped="0">
  <testcase classname="com.testng.datadriventesting.ParameterDemo" name="login" time="1.282"/>
  <testcase classname="com.testng.datadriventesting.ParameterDemo" name="login" time="1.222"/>
</testsuite> <!-- com.testng.datadriventesting.ParameterDemo -->
