<?xml version="1.0" encoding="UTF-8"?>
<!-- Generated by org.testng.reporters.JUnitReportReporter -->
<testsuite hostname="ASISH" failures="0" tests="3" name="com.testng.BeforeAfterClassAnnotation" time="8.251" errors="0" timestamp="2023-10-05T17:52:37 IST" skipped="0">
  <testcase classname="com.testng.BeforeAfterClassAnnotation" name="getTitle" time="0.024"/>
  <system-out/>
  <testcase classname="com.testng.BeforeAfterClassAnnotation" name="login" time="4.148"/>
  <system-out/>
  <testcase classname="com.testng.BeforeAfterClassAnnotation" name="logout" time="4.079"/>
  <system-out/>
</testsuite> <!-- com.testng.BeforeAfterClassAnnotation -->
