<?xml version="1.0" encoding="UTF-8"?>
<!-- Generated by org.testng.reporters.JUnitReportReporter -->
<testsuite hostname="ASISH" failures="0" tests="4" name="com.testng.paralleltesting.ParallelTestDemo" time="35.228" errors="0" timestamp="2023-10-07T18:34:32 IST" skipped="0">
  <testcase classname="com.testng.paralleltesting.ParallelTestDemo" name="wikiPage" time="12.389"/>
  <testcase classname="com.testng.paralleltesting.ParallelTestDemo" name="ninjaPage2" time="5.533"/>
  <testcase classname="com.testng.paralleltesting.ParallelTestDemo" name="wikiPage2" time="7.814"/>
  <testcase classname="com.testng.paralleltesting.ParallelTestDemo" name="ninjaPage" time="9.492"/>
</testsuite> <!-- com.testng.paralleltesting.ParallelTestDemo -->
