<?xml version="1.0" encoding="UTF-8"?>
<!-- Generated by org.testng.reporters.JUnitReportReporter -->
<testsuite hostname="ASISH" failures="0" tests="1" name="com.testng.TestNg" time="0.002" errors="0" timestamp="2023-10-04T16:09:46 IST" skipped="0">
  <testcase classname="com.testng.TestNg" name="method" time="0.002"/>
  <system-out/>
</testsuite> <!-- com.testng.TestNg -->
