<?xml version="1.0" encoding="UTF-8"?>
<!-- Generated by org.testng.reporters.JUnitReportReporter -->
<testsuite hostname="ASISH" failures="0" tests="4" name="com.testng.datadriventesting.WikiCreateAccount" time="10.168" errors="0" timestamp="2023-10-07T21:22:56 IST" skipped="0">
  <testcase classname="com.testng.datadriventesting.WikiCreateAccount" name="CreateAccount" time="2.507"/>
  <testcase classname="com.testng.datadriventesting.WikiCreateAccount" name="CreateAccount" time="2.596"/>
  <testcase classname="com.testng.datadriventesting.WikiCreateAccount" name="CreateAccount" time="2.552"/>
  <testcase classname="com.testng.datadriventesting.WikiCreateAccount" name="CreateAccount" time="2.513"/>
</testsuite> <!-- com.testng.datadriventesting.WikiCreateAccount -->
