<?xml version="1.0" encoding="UTF-8"?>
<!-- Generated by org.testng.reporters.JUnitReportReporter -->
<testsuite hostname="ASISH" failures="0" tests="7" name="com.testng.groups.Sample1" time="0.051" errors="0" timestamp="2023-10-05T21:26:27 IST" skipped="0">
  <testcase classname="com.testng.groups.Sample1" name="openapp" time="0.002"/>
  <testcase classname="com.testng.groups.Sample1" name="openapp" time="0.013"/>
  <testcase classname="com.testng.groups.Sample1" name="loginSample1" time="0.002"/>
  <testcase classname="com.testng.groups.Sample1" name="loginwithInvaliddata" time="0.003"/>
  <testcase classname="com.testng.groups.Sample1" name="loginwithInvaliddata" time="0.006"/>
  <testcase classname="com.testng.groups.Sample1" name="loginwithWrongpassword" time="0.023"/>
  <testcase classname="com.testng.groups.Sample1" name="loginwithWrongpassword" time="0.002"/>
</testsuite> <!-- com.testng.groups.Sample1 -->
